
9월 08, 2017 11:23:44.77 NEW SESSION
9월 08, 2017 11:23:44.77 
9월 08, 2017 11:23:44.78 KLIB_SelfTest return : KLR_OK
9월 08, 2017 12:16:56.57 
9월 08, 2017 12:16:56.57 KLIB_SelfTest return : KLR_OK
9월 08, 2017 12:18:01.48 
9월 08, 2017 12:18:01.48 KLIB_SelfTest return : KLR_OK
9월 08, 2017 12:18:41.72 
9월 08, 2017 12:18:41.72 KLIB_SelfTest return : KLR_OK
9월 08, 2017 14:23:43.51 
9월 08, 2017 14:23:43.51 KLIB_SelfTest return : KLR_OK
9월 08, 2017 14:24:22.63 
9월 08, 2017 14:24:22.63 KLIB_SelfTest return : KLR_OK
9월 08, 2017 14:28:17.32 
9월 08, 2017 14:28:17.32 KLIB_SelfTest return : KLR_OK
9월 08, 2017 14:36:55.58 
9월 08, 2017 14:36:55.58 KLIB_SelfTest return : KLR_OK
9월 08, 2017 14:37:35.89 
9월 08, 2017 14:37:35.89 KLIB_SelfTest return : KLR_OK
9월 08, 2017 14:38:00.80 [9164:8008:0908/143800.802:ERROR:service_manager_context.cc(174)] Attempting to run unsupported native service: C:\Program Files (x86)\Google\Chrome\Application\60.0.3112.113\content_browser.service.exe
9월 08, 2017 14:38:00.82 
9월 08, 2017 14:38:00.82 KLIB_SelfTest return : KLR_OK
9월 08, 2017 14:38:35.92 
9월 08, 2017 14:38:35.93 KLIB_SelfTest return : KLR_OK
9월 08, 2017 14:39:09.50 
9월 08, 2017 14:39:09.50 KLIB_SelfTest return : KLR_OK
9월 08, 2017 16:01:51.15 
9월 08, 2017 16:01:51.15 KLIB_SelfTest return : KLR_OK
9월 08, 2017 16:02:22.45 
9월 08, 2017 16:02:22.45 KLIB_SelfTest return : KLR_OK
9월 08, 2017 16:02:32.66 
9월 08, 2017 16:02:32.67 KLIB_SelfTest return : KLR_OK
9월 08, 2017 16:02:43.04 
9월 08, 2017 16:02:43.05 KLIB_SelfTest return : KLR_OK
9월 08, 2017 16:08:43.84 
9월 08, 2017 16:08:43.84 KLIB_SelfTest return : KLR_OK
9월 08, 2017 16:08:59.72 
9월 08, 2017 16:08:59.72 KLIB_SelfTest return : KLR_OK
9월 08, 2017 16:10:38.19 
9월 08, 2017 16:10:38.19 KLIB_SelfTest return : KLR_OK
9월 08, 2017 16:10:55.25 
9월 08, 2017 16:10:55.26 KLIB_SelfTest return : KLR_OK
9월 08, 2017 16:12:08.72 [8176:7448:0908/161208.722:ERROR:service_manager_context.cc(174)] Attempting to run unsupported native service: C:\Program Files (x86)\Google\Chrome\Application\60.0.3112.113\content_browser.service.exe
9월 08, 2017 16:12:08.74 
9월 08, 2017 16:12:08.74 KLIB_SelfTest return : KLR_OK
9월 08, 2017 16:12:33.28 
9월 08, 2017 16:12:33.28 KLIB_SelfTest return : KLR_OK
9월 08, 2017 16:14:45.33 
9월 08, 2017 16:14:45.33 KLIB_SelfTest return : KLR_OK
9월 08, 2017 16:15:03.88 
9월 08, 2017 16:15:03.88 KLIB_SelfTest return : KLR_OK
9월 08, 2017 16:15:43.40 
9월 08, 2017 16:15:43.40 KLIB_SelfTest return : KLR_OK
9월 08, 2017 16:18:47.31 
9월 08, 2017 16:18:47.31 KLIB_SelfTest return : KLR_OK
9월 08, 2017 16:20:16.98 [8560:6376:0908/162016.986:ERROR:service_manager_context.cc(174)] Attempting to run unsupported native service: C:\Program Files (x86)\Google\Chrome\Application\60.0.3112.113\content_browser.service.exe
9월 08, 2017 16:20:16.98 [8560:6376:0908/162016.986:ERROR:service_manager_context.cc(174)] Attempting to run unsupported native service: C:\Program Files (x86)\Google\Chrome\Application\60.0.3112.113\content_browser.service.exe
9월 08, 2017 16:20:16.98 [8560:6376:0908/162016.986:ERROR:service_manager_context.cc(174)] Attempting to run unsupported native service: C:\Program Files (x86)\Google\Chrome\Application\60.0.3112.113\content_browser.service.exe
9월 08, 2017 16:20:16.98 [8560:6376:0908/162016.986:ERROR:service_manager_context.cc(174)] Attempting to run unsupported native service: C:\Program Files (x86)\Google\Chrome\Application\60.0.3112.113\content_browser.service.exe
9월 08, 2017 16:20:17.00 
9월 08, 2017 16:20:17.00 KLIB_SelfTest return : KLR_OK
9월 08, 2017 16:20:37.59 
9월 08, 2017 16:20:37.59 KLIB_SelfTest return : KLR_OK
9월 08, 2017 16:20:51.47 
9월 08, 2017 16:20:51.47 KLIB_SelfTest return : KLR_OK
9월 08, 2017 16:21:21.33 
9월 08, 2017 16:21:21.33 KLIB_SelfTest return : KLR_OK
9월 08, 2017 16:22:08.54 
9월 08, 2017 16:22:08.54 KLIB_SelfTest return : KLR_OK
9월 08, 2017 19:43:15.69 
9월 08, 2017 19:43:15.69 KLIB_SelfTest return : KLR_OK

9월 11, 2017 10:54:40.11 NEW SESSION
9월 11, 2017 10:54:40.11 
9월 11, 2017 10:54:40.12 KLIB_SelfTest return : KLR_OK
9월 11, 2017 10:55:30.75 
9월 11, 2017 10:55:30.75 KLIB_SelfTest return : KLR_OK
9월 11, 2017 10:56:02.35 
9월 11, 2017 10:56:02.35 KLIB_SelfTest return : KLR_OK
9월 11, 2017 10:56:18.64 
9월 11, 2017 10:56:18.64 KLIB_SelfTest return : KLR_OK
9월 11, 2017 12:25:20.54 [5560:5788:0911/122520.516:ERROR:CONSOLE(3163)] "Request Target.setAttachToFrames failed. {"code":-32601,"message":"'Target.setAttachToFrames' wasn't found"}", source: chrome-devtools://devtools/bundled/inspector.js (3163)
9월 11, 2017 12:25:20.57 [5560:5788:0911/122520.518:ERROR:CONSOLE(3163)] "Request Target.setAttachToFrames failed. {"code":-32601,"message":"'Target.setAttachToFrames' wasn't found"}", source: chrome-devtools://devtools/bundled/inspector.js (3163)

9월 11, 2017 14:04:35.23 NEW SESSION
9월 11, 2017 14:04:35.23 
9월 11, 2017 14:04:35.26 KLIB_SelfTest return : KLR_OK
9월 11, 2017 14:05:47.75 
9월 11, 2017 14:05:47.75 KLIB_SelfTest return : KLR_OK
9월 11, 2017 14:10:44.73 
9월 11, 2017 14:10:44.73 KLIB_SelfTest return : KLR_OK
9월 11, 2017 14:25:28.63 
9월 11, 2017 14:25:28.63 KLIB_SelfTest return : KLR_OK
9월 11, 2017 15:08:32.78 [9672:6808:0911/150832.768:ERROR:service_manager.cc(142)] Connection InterfaceProviderSpec prevented service: content_plugin from binding interface: memory_instrumentation::mojom::Coordinator exposed by: content_browser
9월 11, 2017 16:02:43.11 [9672:3384:0911/160243.110:ERROR:CONSOLE(3163)] "Request Target.setAttachToFrames failed. {"code":-32601,"message":"'Target.setAttachToFrames' wasn't found"}", source: chrome-devtools://devtools/bundled/inspector.js (3163)
9월 11, 2017 16:02:44.08 [9672:3384:0911/160244.089:ERROR:CONSOLE(3163)] "Request Target.setAttachToFrames failed. {"code":-32601,"message":"'Target.setAttachToFrames' wasn't found"}", source: chrome-devtools://devtools/bundled/inspector.js (3163)
9월 11, 2017 16:03:44.11 [9672:10868:0911/160344.113:ERROR:simple_index_file.cc(299)] Could not create a directory to hold the index file
9월 11, 2017 19:41:42.30 [0911/194142.078:ERROR:file_io.cc(134)] WriteFile: 파이프가 닫히는 중입니다. (0xE8)
9월 11, 2017 19:41:45.28 
9월 11, 2017 19:41:45.28 KLIB_SelfTest return : KLR_OK

9월 12, 2017 09:37:18.92 NEW SESSION
9월 12, 2017 09:37:18.92 
9월 12, 2017 09:37:18.92 KLIB_SelfTest return : KLR_OK
9월 12, 2017 09:40:26.36 
9월 12, 2017 09:40:26.36 KLIB_SelfTest return : KLR_OK
9월 12, 2017 09:55:35.26 
9월 12, 2017 09:55:35.26 KLIB_SelfTest return : KLR_OK
9월 12, 2017 09:56:47.42 
9월 12, 2017 09:56:47.43 KLIB_SelfTest return : KLR_OK
9월 12, 2017 14:48:48.19 [8800:3480:0912/144848.178:ERROR:latency_info.cc(153)] RenderWidgetHostImpl::OnSwapCompositorFrame, LatencyInfo vector size 483 is too big.
9월 12, 2017 19:44:19.79 
9월 12, 2017 19:44:19.79 KLIB_SelfTest return : KLR_OK

9월 13, 2017 13:50:47.78 NEW SESSION
9월 13, 2017 13:50:47.78 [7956:1156:0913/135046.975:ERROR:service_manager.cc(142)] Connection InterfaceProviderSpec prevented service: content_plugin from binding interface: memory_instrumentation::mojom::Coordinator exposed by: content_browser
9월 13, 2017 18:18:42.64 
9월 13, 2017 18:18:42.64 KLIB_SelfTest return : KLR_OK
